--------------------------------------------------------------------------------
Release 10.1.03 Trace  (nt)
Copyright (c) 1995-2008 Xilinx, Inc.  All rights reserved.

C:\Xilinx\10.1\ISE\bin\nt\unwrapped\trce.exe -ise
C:/Users/Administrator/Desktop/lab4_reborn/lab4_reborn.ise -intstyle ise -v 3
-s 5 -xml blinkenlights blinkenlights.ncd -o blinkenlights.twr
blinkenlights.pcf -ucf blinkenlights.ucf

Design file:              blinkenlights.ncd
Physical constraint file: blinkenlights.pcf
Device,package,speed:     xc2s200,fg256,-5 (PRODUCTION 1.27 2008-01-09)
Report level:             verbose report

Environment Variable      Effect 
--------------------      ------ 
NONE                      No environment variables were set
--------------------------------------------------------------------------------

INFO:Timing:2698 - No timing constraints found, doing default enumeration.
INFO:Timing:2752 - To get complete path coverage, use the unconstrained paths 
   option. All paths that are not constrained will be reported in the 
   unconstrained paths section(s) of the report.
INFO:Timing:3339 - The clock-to-out numbers in this timing report are based on 
   a 50 Ohm transmission line loading model.  For the details of this model, 
   and for more information on accounting for different loading conditions, 
   please see the device datasheet.



Data Sheet report:
-----------------
All values displayed in nanoseconds (ns)

Clock to Setup on destination clock clk
---------------+---------+---------+---------+---------+
               | Src:Rise| Src:Fall| Src:Rise| Src:Fall|
Source Clock   |Dest:Rise|Dest:Rise|Dest:Fall|Dest:Fall|
---------------+---------+---------+---------+---------+
clk            |    7.508|         |         |         |
---------------+---------+---------+---------+---------+

Pad to Pad
---------------+---------------+---------+
Source Pad     |Destination Pad|  Delay  |
---------------+---------------+---------+
data_in<0>     |lights<0>      |   12.637|
data_in<1>     |lights<1>      |   11.863|
data_in<2>     |lights<2>      |   13.406|
data_in<3>     |lights<3>      |   14.689|
s0             |lights<0>      |   15.026|
s0             |lights<1>      |   15.276|
s0             |lights<2>      |   15.121|
s0             |lights<3>      |   15.410|
s0             |lights<4>      |   16.452|
s0             |lights<5>      |   17.451|
s1             |lights<0>      |   13.591|
s1             |lights<1>      |   15.120|
s1             |lights<2>      |   14.690|
s1             |lights<3>      |   14.090|
s1             |lights<4>      |   15.024|
s1             |lights<5>      |   15.649|
---------------+---------------+---------+


Analysis completed Tue Dec 03 20:09:33 2013 
--------------------------------------------------------------------------------

Trace Settings:
-------------------------
Trace Settings 

Peak Memory Usage: 82 MB



